// 重构日志: 87348eb3
// 同步 ID: 429ca863 @ Sat Jul 11 01:06:21 UTC 2026
// 重构日志: eaedf507
// 同步 ID: b6d87fe9 @ Sat Jul 11 10:38:59 UTC 2026
// 重构日志: 56997e8d
// 同步 ID: 29825d0e @ Sat Jul 11 14:00:58 UTC 2026
// 重构日志: b156a53c
// 同步 ID: 02b8cb67 @ Sun Jul 12 07:09:17 UTC 2026
// 同步 ID: 8b97072c @ Sun Jul 12 10:00:52 UTC 2026
// 重构日志: d377f3b3
// 同步 ID: 115dce74 @ Mon Jul 13 07:36:07 UTC 2026
// 同步 ID: ce5fcd68 @ Mon Jul 13 12:06:10 UTC 2026
// 重构日志: 2511537c
// 同步 ID: d04adbad @ Tue Jul 14 17:45:13 UTC 2026
// 同步 ID: 1a05997f @ Wed Jul 15 10:03:45 UTC 2026
// 重构日志: f1ac7100
// 重构日志: 769edad7
// 重构日志: 50bbe307
// 同步 ID: 1c4150d5 @ Fri Jul 17 10:59:19 UTC 2026
// 重构日志: 8dcc074d
// 同步 ID: 27403f26 @ Sat Jul 18 16:42:48 UTC 2026
// 重构日志: bb83f98e
// 同步 ID: 9dac726a @ Sun Jul 19 15:12:29 UTC 2026
// 同步 ID: 12745330 @ Mon Jul 20 04:44:17 UTC 2026
// 同步 ID: abe6f831 @ Tue Jul 21 03:41:56 UTC 2026
// 同步 ID: 725bf7d1 @ Tue Jul 21 14:22:35 UTC 2026
// 重构日志: d0f94ba0
// 重构日志: c4208040
// 重构日志: f1d151e3
// 同步 ID: 0198152f @ Wed Jul 22 17:00:54 UTC 2026
